{"level":"info","message":"Ticket update : 65c1370e7e5fab18474c96fb","timestamp":"2024-02-06T03:12:07.900Z"}
{"level":"info","message":"Ticket updated successfully: 65c135a40bebb3b0b70c245d","timestamp":"2024-02-06T03:12:07.901Z"}
{"level":"info","message":"Ticket update : 65c1370e7e5fab18474c96fb","timestamp":"2024-02-06T03:12:16.711Z"}
{"level":"info","message":"Ticket updated successfully: 65c135a40bebb3b0b70c245d","timestamp":"2024-02-06T03:12:16.711Z"}
{"level":"info","message":"Server is running on port 8000","timestamp":"2024-02-06T03:13:09.273Z"}
{"level":"info","message":"Server is running on port 8000","timestamp":"2024-02-06T03:13:34.698Z"}
{"level":"error","message":"Error retrieving logs: Unexpected non-whitespace character after JSON at position 109 (line 2 column 1)","timestamp":"2024-02-06T03:13:37.443Z"}
{"level":"info","message":"Server is running on port 8000","timestamp":"2024-02-06T03:14:59.321Z"}
{"level":"info","message":"Server is running on port 8000","timestamp":"2024-02-06T03:15:55.996Z"}
{"level":"error","message":"Error retrieving logs: Unexpected non-whitespace character after JSON at position 108 (line 1 column 109)","timestamp":"2024-02-06T03:16:02.229Z"}
{"level":"error","message":"Error retrieving logs: Unexpected non-whitespace character after JSON at position 108 (line 1 column 109)","timestamp":"2024-02-06T03:16:31.314Z"}
{"level":"info","message":"Server is running on port 8000","timestamp":"2024-02-06T03:16:39.490Z"}
{"level":"info","message":"Server is running on port 8000","timestamp":"2024-02-06T03:17:47.203Z"}
{"level":"info","message":"Server is running on port 8000","timestamp":"2024-02-06T03:17:57.258Z"}
{"level":"info","message":"Server is running on port 8000","timestamp":"2024-02-06T03:18:33.371Z"}
{"level":"info","message":"Server is running on port 8000","timestamp":"2024-02-06T03:20:09.296Z"}
{"level":"info","message":"Server is running on port 8000","timestamp":"2024-02-06T04:02:05.864Z"}
{"level":"info","message":"Server is running on port 8000","timestamp":"2024-02-06T04:02:10.008Z"}
{"level":"info","message":"Server is running on port 8000","timestamp":"2024-02-06T04:21:06.175Z"}
{"level":"info","message":"Server is running on port 8000","timestamp":"2024-02-06T04:22:26.123Z"}
{"level":"info","message":"Ticket update : 65c1b4d4345bf5dfafbd09cd","timestamp":"2024-02-06T04:27:01.232Z"}
{"level":"info","message":"Server is running on port 8000","timestamp":"2024-02-06T04:35:30.860Z"}
{"level":"info","message":"Server is running on port 8000","timestamp":"2024-02-06T04:36:39.213Z"}
{"level":"info","message":"Server is running on port 8000","timestamp":"2024-02-06T04:36:45.633Z"}
{"level":"info","message":"Server is running on port 8000","timestamp":"2024-02-06T04:39:33.306Z"}
{"level":"info","message":"Server is running on port 8000","timestamp":"2024-02-06T04:40:00.683Z"}
{"level":"info","message":"Server is running on port 8000","timestamp":"2024-02-06T04:41:40.839Z"}
{"level":"info","message":"Server is running on port 8000","timestamp":"2024-02-06T04:43:08.341Z"}
{"level":"info","message":"Server is running on port 8000","timestamp":"2024-02-06T05:02:58.053Z"}
{"level":"info","message":"Server is running on port 8000","timestamp":"2024-02-06T05:05:51.614Z"}
{"level":"info","message":"Server is running on port 8000","timestamp":"2024-02-06T05:07:55.304Z"}
{"level":"info","message":"Server is running on port 8000","timestamp":"2024-02-06T05:07:58.414Z"}
{"level":"info","message":"Server is running on port 8000","timestamp":"2024-02-06T05:08:10.171Z"}
{"level":"info","message":"Server is running on port 8000","timestamp":"2024-02-06T05:19:12.101Z"}
{"level":"info","message":"Server is running on port 8000","timestamp":"2024-02-06T05:25:49.829Z"}
{"level":"info","message":"Server is running on port 8000","timestamp":"2024-02-06T05:41:35.575Z"}
{"level":"info","message":"Server is running on port 8000","timestamp":"2024-02-06T05:50:51.911Z"}
{"level":"info","message":"Server is running on port 8000","timestamp":"2024-02-06T06:03:18.472Z"}
{"level":"info","message":"Server is running on port 8000","timestamp":"2024-02-06T06:06:39.438Z"}
{"level":"info","message":"Server is running on port 8000","timestamp":"2024-02-06T06:07:33.980Z"}
{"level":"info","message":"Server is running on port 8000","timestamp":"2024-02-06T06:09:31.026Z"}
{"level":"info","message":"Server is running on port 8000","timestamp":"2024-02-06T06:10:45.701Z"}
{"level":"info","message":"Server is running on port 8000","timestamp":"2024-02-06T06:12:00.600Z"}
{"level":"info","message":"Server is running on port 8000","timestamp":"2024-02-06T06:13:38.757Z"}
{"level":"info","message":"Server is running on port 8000","timestamp":"2024-02-06T06:17:48.602Z"}
{"level":"info","message":"Server is running on port 8000","timestamp":"2024-02-06T06:18:29.123Z"}
{"level":"info","message":"Server is running on port 8000","timestamp":"2024-02-06T06:21:02.959Z"}
{"level":"info","message":"Server is running on port 8000","timestamp":"2024-02-06T06:22:17.594Z"}
{"level":"info","message":"Server is running on port 8000","timestamp":"2024-02-06T06:22:19.857Z"}
{"level":"info","message":"Server is running on port 8000","timestamp":"2024-02-06T06:59:41.296Z"}
{"level":"info","message":"Ticket review : 65c1b4d4345bf5dfafbd09cd","timestamp":"2024-02-06T07:04:45.475Z"}
{"level":"info","message":"Server is running on port 8000","timestamp":"2024-02-06T07:10:55.551Z"}
{"level":"info","message":"Server is running on port 8000","timestamp":"2024-02-06T07:12:26.093Z"}
{"level":"info","message":"Server is running on port 8000","timestamp":"2024-02-06T07:13:10.631Z"}
{"level":"info","message":"Server is running on port 8000","timestamp":"2024-02-06T07:15:05.344Z"}
{"level":"info","message":"Server is running on port 8000","timestamp":"2024-02-06T07:15:39.032Z"}
{"level":"info","message":"Server is running on port 8000","timestamp":"2024-02-06T07:16:14.372Z"}
{"level":"info","message":"Server is running on port 8000","timestamp":"2024-02-06T07:17:04.963Z"}
{"level":"info","message":"Server is running on port 8000","timestamp":"2024-02-06T07:17:06.175Z"}
{"level":"info","message":"Server is running on port 8000","timestamp":"2024-02-06T07:17:21.724Z"}
{"level":"info","message":"Server is running on port 8000","timestamp":"2024-02-06T07:21:50.466Z"}
{"level":"info","message":"Server is running on port 8000","timestamp":"2024-02-06T07:22:09.644Z"}
{"level":"info","message":"Server is running on port 8000","timestamp":"2024-02-06T07:25:31.713Z"}
{"level":"info","message":"Server is running on port 8000","timestamp":"2024-02-06T07:26:45.068Z"}
{"level":"info","message":"Server is running on port 8000","timestamp":"2024-02-06T07:26:50.261Z"}
{"level":"info","message":"Ticket review : 65c1b4d4345bf5dfafbd09cd","timestamp":"2024-02-06T07:27:25.535Z"}
{"level":"info","message":"Server is running on port 8000","timestamp":"2024-02-06T07:33:33.196Z"}
{"level":"info","message":"Server is running on port 8000","timestamp":"2024-02-06T07:34:17.702Z"}
{"level":"info","message":"Server is running on port 8000","timestamp":"2024-02-06T07:43:55.297Z"}
{"level":"info","message":"Server is running on port 8000","timestamp":"2024-02-06T07:54:08.782Z"}
{"level":"info","message":"Server is running on port 8000","timestamp":"2024-02-06T07:54:11.623Z"}
{"level":"info","message":"Ticket update : 65c1370e7e5fab18474c96fb","timestamp":"2024-02-06T07:56:20.077Z"}
{"level":"info","message":"Ticket updated successfully: 65c1b887afdaab39923d7865","timestamp":"2024-02-06T07:56:20.077Z"}
{"level":"info","message":"Server is running on port 8000","timestamp":"2024-02-06T07:57:59.136Z"}
{"level":"info","message":"Server is running on port 8000","timestamp":"2024-02-06T07:59:20.729Z"}
{"level":"info","message":"Server is running on port 8000","timestamp":"2024-02-06T07:59:29.602Z"}
{"level":"info","message":"Ticket update : 65c1370e7e5fab18474c96fb","timestamp":"2024-02-06T07:59:42.141Z"}
{"level":"info","message":"Ticket updated successfully: 65c1b887afdaab39923d7865","timestamp":"2024-02-06T07:59:42.142Z"}
{"level":"info","message":"Server is running on port 8000","timestamp":"2024-02-06T08:00:34.379Z"}
{"level":"info","message":"Server is running on port 8000","timestamp":"2024-02-06T08:02:30.159Z"}
{"level":"info","message":"Server is running on port 8000","timestamp":"2024-02-06T08:02:31.741Z"}
{"level":"error","message":"Fail Ticket Update by 65c1370e7e5fab18474c96fb","timestamp":"2024-02-06T08:02:33.074Z"}
{"level":"error","message":"Error ReferenceError: AppError is not defined","timestamp":"2024-02-06T08:02:33.074Z"}
{"level":"info","message":"Server is running on port 8000","timestamp":"2024-02-06T08:02:52.894Z"}
{"level":"info","message":"Server is running on port 8000","timestamp":"2024-02-06T08:03:49.925Z"}
{"level":"info","message":"Ticket review : 65c1b4d4345bf5dfafbd09cd","timestamp":"2024-02-06T08:05:40.457Z"}
{"level":"info","message":"Server is running on port 8000","timestamp":"2024-02-06T08:13:55.025Z"}
{"level":"info","message":"Server is running on port 8000","timestamp":"2024-02-06T08:14:00.997Z"}
{"level":"info","message":"Server is running on port 8000","timestamp":"2024-02-06T08:21:11.116Z"}
{"level":"info","message":"Ticket update : 65c1370e7e5fab18474c96fb","timestamp":"2024-02-06T08:22:23.745Z"}
{"level":"info","message":"Ticket updated successfully: 65c1b887afdaab39923d7865","timestamp":"2024-02-06T08:22:23.746Z"}
{"level":"info","message":"Ticket review : 65c1b558414b4866a34fc2ec","timestamp":"2024-02-06T08:22:50.298Z"}
{"level":"info","message":"Ticket review successfully : 65c1b887afdaab39923d7865","timestamp":"2024-02-06T08:22:50.299Z"}
{"level":"info","message":"Server is running on port 8000","timestamp":"2024-02-06T15:48:33.061Z"}
{"level":"info","message":"Server is running on port 8000","timestamp":"2024-02-06T15:49:33.466Z"}
{"level":"info","message":"Server is running on port 8000","timestamp":"2024-02-06T15:49:41.684Z"}
{"level":"info","message":"Server is running on port 8000","timestamp":"2024-02-06T15:50:11.700Z"}
{"level":"info","message":"Server is running on port 8000","timestamp":"2024-02-06T15:50:46.906Z"}
{"level":"info","message":"Server is running on port 8000","timestamp":"2024-02-06T15:51:00.467Z"}
{"level":"info","message":"Server is running on port 8000","timestamp":"2024-02-06T15:54:03.909Z"}
{"level":"info","message":"Server is running on port 8000","timestamp":"2024-02-06T15:55:29.393Z"}
{"level":"info","message":"Ticket Create by 65c131cad3810634f213cabc","timestamp":"2024-02-06T17:19:43.460Z"}
{"level":"info","message":"Ticket Created :  65c26a2fba559b9f69b1e850","timestamp":"2024-02-06T17:19:43.460Z"}
{"level":"info","message":"Ticket Assign to supervisor : 65c1b4d4345bf5dfafbd09cd","timestamp":"2024-02-06T17:19:43.461Z"}
{"level":"info","message":"Ticket Create by 65c131cad3810634f213cabc","timestamp":"2024-02-06T17:22:08.935Z"}
{"level":"info","message":"Ticket Created :  65c26ac0ba559b9f69b1e861","timestamp":"2024-02-06T17:22:08.936Z"}
{"level":"info","message":"Ticket Assign to supervisor : 65c1b4d4345bf5dfafbd09cd","timestamp":"2024-02-06T17:22:08.937Z"}
{"level":"info","message":"Ticket Create by 65c131cad3810634f213cabc","timestamp":"2024-02-06T17:24:14.736Z"}
{"level":"info","message":"Ticket Created :  65c26b3eba559b9f69b1e873","timestamp":"2024-02-06T17:24:14.736Z"}
{"level":"info","message":"Ticket Assign to supervisor : 65c1b4d4345bf5dfafbd09cd","timestamp":"2024-02-06T17:24:14.737Z"}
{"level":"info","message":"Ticket Create by 65c131cad3810634f213cabc","timestamp":"2024-02-06T17:24:43.208Z"}
{"level":"info","message":"Ticket Created :  65c26b5bba559b9f69b1e886","timestamp":"2024-02-06T17:24:43.209Z"}
{"level":"info","message":"Ticket Assign to supervisor : 65c1b4d4345bf5dfafbd09cd","timestamp":"2024-02-06T17:24:43.209Z"}
{"level":"info","message":"Ticket update : 65c131cad3810634f213cabc","timestamp":"2024-02-06T17:47:47.381Z"}
{"level":"info","message":"Ticket updated successfully: 65c26b5bba559b9f69b1e886","timestamp":"2024-02-06T17:47:47.382Z"}
{"level":"info","message":"Server is running on port 8000","timestamp":"2024-02-06T17:59:52.262Z"}
{"level":"info","message":"Server is running on port 8000","timestamp":"2024-02-07T00:30:11.647Z"}
{"level":"error","message":"Error CastError: Cast to ObjectId failed for value \"undefined\" (type string) at path \"_id\" for model \"Ticket\"","timestamp":"2024-02-07T01:54:32.812Z"}
{"level":"info","message":"Ticket review : 65c1b558414b4866a34fc2ec","timestamp":"2024-02-07T01:57:33.373Z"}
{"level":"info","message":"Ticket review successfully : 65c26b5bba559b9f69b1e886","timestamp":"2024-02-07T01:57:33.373Z"}
{"level":"info","message":"Ticket Create by 65c131cad3810634f213cabc","timestamp":"2024-02-07T02:05:05.961Z"}
{"level":"info","message":"Ticket Created :  65c2e551865071be94730686","timestamp":"2024-02-07T02:05:05.961Z"}
{"level":"info","message":"Ticket Assign to supervisor : 65c1b4d4345bf5dfafbd09cd","timestamp":"2024-02-07T02:05:05.962Z"}
{"level":"info","message":"Server is running on port 8000","timestamp":"2024-02-07T04:14:43.641Z"}
{"level":"info","message":"Server is running on port 8000","timestamp":"2024-02-07T04:14:44.983Z"}
{"level":"info","message":"Server is running on port 8000","timestamp":"2024-02-07T04:16:36.232Z"}
{"level":"info","message":"Server is running on port 8000","timestamp":"2024-02-07T04:32:55.215Z"}
{"level":"info","message":"Server is running on port 8000","timestamp":"2024-02-07T04:34:59.918Z"}
{"level":"info","message":"Server is running on port 8000","timestamp":"2024-02-07T04:35:04.176Z"}
{"level":"info","message":"Server is running on port 8000","timestamp":"2024-02-07T04:35:40.244Z"}
{"level":"info","message":"Server is running on port 8000","timestamp":"2024-02-07T04:35:52.958Z"}
{"level":"info","message":"Server is running on port 8000","timestamp":"2024-02-07T04:44:18.441Z"}
{"level":"info","message":"Server is running on port 8000","timestamp":"2024-02-07T04:44:22.929Z"}
{"level":"info","message":"Server is running on port 8000","timestamp":"2024-02-07T04:49:15.149Z"}
{"level":"info","message":"Server is running on port 8000","timestamp":"2024-02-07T04:49:57.506Z"}
{"level":"info","message":"Server is running on port 8000","timestamp":"2024-02-07T04:50:00.413Z"}
{"level":"info","message":"Server is running on port 8000","timestamp":"2024-02-07T04:50:15.088Z"}
{"level":"info","message":"Server is running on port 8000","timestamp":"2024-02-07T04:52:20.556Z"}
{"level":"info","message":"Server is running on port 8000","timestamp":"2024-02-07T04:52:28.227Z"}
{"level":"info","message":"Server is running on port 8000","timestamp":"2024-02-07T04:53:11.737Z"}
{"level":"info","message":"Server is running on port 8000","timestamp":"2024-02-07T04:53:32.334Z"}
{"level":"info","message":"Server is running on port 8000","timestamp":"2024-02-07T04:59:49.621Z"}
{"level":"info","message":"Server is running on port 8000","timestamp":"2024-02-07T05:00:40.060Z"}
{"level":"info","message":"Server is running on port 8000","timestamp":"2024-02-07T05:00:55.202Z"}
{"level":"info","message":"Ticket Create by 65c131cad3810634f213cabc","timestamp":"2024-02-07T05:04:00.805Z"}
{"level":"info","message":"Ticket Created :  65c30f400dd9425c71d12ce1","timestamp":"2024-02-07T05:04:00.806Z"}
{"level":"info","message":"Ticket Assign to supervisor : 65c1b4d4345bf5dfafbd09cd","timestamp":"2024-02-07T05:04:00.806Z"}
{"level":"info","message":"Server is running on port 8000","timestamp":"2024-02-07T05:08:13.262Z"}
{"level":"info","message":"Server is running on port 8000","timestamp":"2024-02-07T05:12:17.036Z"}
{"level":"info","message":"Server is running on port 8000","timestamp":"2024-02-07T05:12:19.575Z"}
{"level":"info","message":"Server is running on port 8000","timestamp":"2024-02-07T05:12:33.933Z"}
{"level":"info","message":"Server is running on port 8000","timestamp":"2024-02-07T05:13:57.230Z"}
{"level":"info","message":"Server is running on port 8000","timestamp":"2024-02-07T05:14:26.071Z"}
{"level":"info","message":"Server is running on port 8000","timestamp":"2024-02-07T05:15:35.984Z"}
{"level":"info","message":"Server is running on port 8000","timestamp":"2024-02-07T06:07:53.655Z"}
{"level":"info","message":"Ticket Create by 65c311fe354c8b0658f3c252","timestamp":"2024-02-07T06:18:23.998Z"}
{"level":"info","message":"Ticket Created :  65c320af50e92f4438144882","timestamp":"2024-02-07T06:18:23.999Z"}
{"level":"info","message":"Ticket Assign to supervisor : 65c311fe354c8b0658f3c254","timestamp":"2024-02-07T06:18:23.999Z"}
{"level":"info","message":"Server is running on port 8000","timestamp":"2024-02-07T06:19:07.429Z"}
{"level":"info","message":"Server is running on port 8000","timestamp":"2024-02-07T06:20:11.100Z"}
{"level":"info","message":"Server is running on port 8000","timestamp":"2024-02-07T06:20:19.907Z"}
{"level":"info","message":"Server is running on port 8000","timestamp":"2024-02-07T06:27:11.917Z"}
{"level":"info","message":"Server is running on port 8000","timestamp":"2024-02-07T06:27:58.294Z"}
{"level":"info","message":"Server is running on port 8000","timestamp":"2024-02-07T06:28:18.867Z"}
{"level":"info","message":"Server is running on port 8000","timestamp":"2024-02-07T06:28:19.223Z"}
{"level":"info","message":"Server is running on port 8000","timestamp":"2024-02-07T06:29:15.467Z"}
{"level":"info","message":"Server is running on port 8000","timestamp":"2024-02-07T06:29:17.386Z"}
{"level":"info","message":"Server is running on port 8000","timestamp":"2024-02-07T06:29:30.180Z"}
{"level":"info","message":"Server is running on port 8000","timestamp":"2024-02-07T06:30:40.026Z"}
{"level":"info","message":"Server is running on port 8000","timestamp":"2024-02-07T06:31:18.823Z"}
{"level":"info","message":"Server is running on port 8000","timestamp":"2024-02-07T06:36:41.339Z"}
{"level":"info","message":"Server is running on port 8000","timestamp":"2024-02-07T06:37:08.955Z"}
{"level":"info","message":"Ticket Create by 65c3251abe95e11485923c88","timestamp":"2024-02-07T06:38:04.535Z"}
{"level":"info","message":"Ticket Created :  65c3254cda6d9be4cbbc139c","timestamp":"2024-02-07T06:38:04.536Z"}
{"level":"info","message":"Ticket Assign to supervisor : 65c3251abe95e11485923c8a","timestamp":"2024-02-07T06:38:04.536Z"}
{"level":"info","message":"Server is running on port 8000","timestamp":"2024-02-07T07:42:30.100Z"}
{"level":"info","message":"Ticket Create by 65c3251abe95e11485923c88","timestamp":"2024-02-07T07:43:58.248Z"}
{"level":"info","message":"Ticket Created :  65c334be35cc6f3787321fa8","timestamp":"2024-02-07T07:43:58.249Z"}
{"level":"info","message":"Ticket Assign to supervisor : 65c3251abe95e11485923c8a","timestamp":"2024-02-07T07:43:58.249Z"}
{"level":"info","message":"Server is running on port 8000","timestamp":"2024-02-07T08:16:47.314Z"}
{"level":"info","message":"Server is running on port 8000","timestamp":"2024-02-07T08:16:59.289Z"}
{"level":"info","message":"Server is running on port 8000","timestamp":"2024-02-07T08:17:26.309Z"}
{"level":"info","message":"Server is running on port 8000","timestamp":"2024-02-07T08:17:50.366Z"}
{"level":"info","message":"Server is running on port 8000","timestamp":"2024-02-07T08:19:06.916Z"}
{"level":"info","message":"Server is running on port 8000","timestamp":"2024-02-07T08:19:21.148Z"}
{"level":"info","message":"Server is running on port 8000","timestamp":"2024-02-07T09:17:10.780Z"}
{"level":"info","message":"Server is running on port 8000","timestamp":"2024-02-07T09:40:01.501Z"}
{"level":"info","message":"Server is running on port 8000","timestamp":"2024-02-07T09:40:47.631Z"}
{"level":"info","message":"Server is running on port 8000","timestamp":"2024-02-07T09:41:56.044Z"}
{"level":"info","message":"Server is running on port 8000","timestamp":"2024-02-07T09:52:29.786Z"}
{"level":"info","message":"Server is running on port 8000","timestamp":"2024-02-07T09:52:59.489Z"}
{"level":"info","message":"Server is running on port 8000","timestamp":"2024-02-07T10:02:46.805Z"}
{"level":"info","message":"Server is running on port 8000","timestamp":"2024-02-07T10:16:20.181Z"}
{"level":"info","message":"Ticket Create by 65c33d09a2454f95577e9d5a","timestamp":"2024-02-07T10:18:12.856Z"}
{"level":"info","message":"Ticket Created :  65c358e4c640b1c388e4ad8c","timestamp":"2024-02-07T10:18:12.856Z"}
{"level":"info","message":"Ticket Assign to supervisor : 65c33d09a2454f95577e9d5c","timestamp":"2024-02-07T10:18:12.856Z"}
